  ConfigMap.cpp
c1xx : warning C4199: C++/CLI、C++/CX 或 OpenMP 不支持两阶段名称查找；请使用 /Zc:twoPhase-
  QPanda.cpp
c1xx : warning C4199: C++/CLI、C++/CX 或 OpenMP 不支持两阶段名称查找；请使用 /Zc:twoPhase-
f:\github\qpanda-2.0.core\quantuminstructionhandle\quantumgateparameter.h(66): warning C4334: “<<”: 32 位移位的结果被隐式转换为 64 位(是否希望进行 64 位移位?)
  XMLConfigParam.cpp
c1xx : warning C4199: C++/CLI、C++/CX 或 OpenMP 不支持两阶段名称查找；请使用 /Zc:twoPhase-
  ControlFlow.cpp
c1xx : warning C4199: C++/CLI、C++/CX 或 OpenMP 不支持两阶段名称查找；请使用 /Zc:twoPhase-
  QGate.cpp
c1xx : warning C4199: C++/CLI、C++/CX 或 OpenMP 不支持两阶段名称查找；请使用 /Zc:twoPhase-
  QNode.cpp
c1xx : warning C4199: C++/CLI、C++/CX 或 OpenMP 不支持两阶段名称查找；请使用 /Zc:twoPhase-
  QProgram.cpp
c1xx : warning C4199: C++/CLI、C++/CX 或 OpenMP 不支持两阶段名称查找；请使用 /Zc:twoPhase-
f:\github\qpanda-2.0.core\quantuminstructionhandle\quantumgateparameter.h(66): warning C4334: “<<”: 32 位移位的结果被隐式转换为 64 位(是否希望进行 64 位移位?)
  QuantumMeasure.cpp
c1xx : warning C4199: C++/CLI、C++/CX 或 OpenMP 不支持两阶段名称查找；请使用 /Zc:twoPhase-
  QCircuitParse.cpp
c1xx : warning C4199: C++/CLI、C++/CX 或 OpenMP 不支持两阶段名称查找；请使用 /Zc:twoPhase-
f:\github\qpanda-2.0.core\quantuminstructionhandle\quantumgateparameter.h(66): warning C4334: “<<”: 32 位移位的结果被隐式转换为 64 位(是否希望进行 64 位移位?)
  QuantumGates.cpp
c1xx : warning C4199: C++/CLI、C++/CX 或 OpenMP 不支持两阶段名称查找；请使用 /Zc:twoPhase-
f:\github\qpanda-2.0.core\quantuminstructionhandle\quantumgateparameter.h(66): warning C4334: “<<”: 32 位移位的结果被隐式转换为 64 位(是否希望进行 64 位移位?)
  X86QuantumGates.cpp
c1xx : warning C4199: C++/CLI、C++/CX 或 OpenMP 不支持两阶段名称查找；请使用 /Zc:twoPhase-
f:\github\qpanda-2.0.core\quantuminstructionhandle\quantumgateparameter.h(66): warning C4334: “<<”: 32 位移位的结果被隐式转换为 64 位(是否希望进行 64 位移位?)
f:\github\qpanda-2.0.core\quantuminstructionhandle\x86quantumgates.cpp(288): warning C4018: “<”: 有符号/无符号不匹配
f:\github\qpanda-2.0.core\quantuminstructionhandle\x86quantumgates.cpp(348): warning C4018: “<”: 有符号/无符号不匹配
f:\github\qpanda-2.0.core\quantuminstructionhandle\x86quantumgates.cpp(426): warning C4018: “<”: 有符号/无符号不匹配
f:\github\qpanda-2.0.core\quantuminstructionhandle\x86quantumgates.cpp(428): warning C4018: “<”: 有符号/无符号不匹配
f:\github\qpanda-2.0.core\quantuminstructionhandle\x86quantumgates.cpp(430): warning C4018: “<”: 有符号/无符号不匹配
f:\github\qpanda-2.0.core\quantuminstructionhandle\x86quantumgates.cpp(514): warning C4018: “<”: 有符号/无符号不匹配
  ClassicalConditionInterface.cpp
c1xx : warning C4199: C++/CLI、C++/CX 或 OpenMP 不支持两阶段名称查找；请使用 /Zc:twoPhase-
  Factory.cpp
c1xx : warning C4199: C++/CLI、C++/CX 或 OpenMP 不支持两阶段名称查找；请使用 /Zc:twoPhase-
f:\github\qpanda-2.0.core\quantuminstructionhandle\quantumgateparameter.h(66): warning C4334: “<<”: 32 位移位的结果被隐式转换为 64 位(是否希望进行 64 位移位?)
  OriginClassicalExpression.cpp
c1xx : warning C4199: C++/CLI、C++/CX 或 OpenMP 不支持两阶段名称查找；请使用 /Zc:twoPhase-
  OriginClassicalSystem.cpp
c1xx : warning C4199: C++/CLI、C++/CX 或 OpenMP 不支持两阶段名称查找；请使用 /Zc:twoPhase-
f:\github\qpanda-2.0.core\quantuminstructionhandle\quantumgateparameter.h(66): warning C4334: “<<”: 32 位移位的结果被隐式转换为 64 位(是否希望进行 64 位移位?)
  OriginPhysicalQubit.cpp
c1xx : warning C4199: C++/CLI、C++/CX 或 OpenMP 不支持两阶段名称查找；请使用 /Zc:twoPhase-
f:\github\qpanda-2.0.core\quantuminstructionhandle\quantumgateparameter.h(66): warning C4334: “<<”: 32 位移位的结果被隐式转换为 64 位(是否希望进行 64 位移位?)
  OriginQMachineStatus.cpp
c1xx : warning C4199: C++/CLI、C++/CX 或 OpenMP 不支持两阶段名称查找；请使用 /Zc:twoPhase-
f:\github\qpanda-2.0.core\quantuminstructionhandle\quantumgateparameter.h(66): warning C4334: “<<”: 32 位移位的结果被隐式转换为 64 位(是否希望进行 64 位移位?)
  OriginQResult.cpp
c1xx : warning C4199: C++/CLI、C++/CX 或 OpenMP 不支持两阶段名称查找；请使用 /Zc:twoPhase-
f:\github\qpanda-2.0.core\quantuminstructionhandle\quantumgateparameter.h(66): warning C4334: “<<”: 32 位移位的结果被隐式转换为 64 位(是否希望进行 64 位移位?)
  OriginQuantumMachine.cpp
c1xx : warning C4199: C++/CLI、C++/CX 或 OpenMP 不支持两阶段名称查找；请使用 /Zc:twoPhase-
f:\github\qpanda-2.0.core\quantuminstructionhandle\quantumgateparameter.h(66): warning C4334: “<<”: 32 位移位的结果被隐式转换为 64 位(是否希望进行 64 位移位?)
  OriginQubit.cpp
c1xx : warning C4199: C++/CLI、C++/CX 或 OpenMP 不支持两阶段名称查找；请使用 /Zc:twoPhase-
f:\github\qpanda-2.0.core\quantuminstructionhandle\quantumgateparameter.h(66): warning C4334: “<<”: 32 位移位的结果被隐式转换为 64 位(是否希望进行 64 位移位?)
  正在生成代码...
  正在编译...
  OriginQubitPool.cpp
c1xx : warning C4199: C++/CLI、C++/CX 或 OpenMP 不支持两阶段名称查找；请使用 /Zc:twoPhase-
f:\github\qpanda-2.0.core\quantuminstructionhandle\quantumgateparameter.h(66): warning C4334: “<<”: 32 位移位的结果被隐式转换为 64 位(是否希望进行 64 位移位?)
  OriginQVM.cpp
c1xx : warning C4199: C++/CLI、C++/CX 或 OpenMP 不支持两阶段名称查找；请使用 /Zc:twoPhase-
f:\github\qpanda-2.0.core\quantuminstructionhandle\quantumgateparameter.h(66): warning C4334: “<<”: 32 位移位的结果被隐式转换为 64 位(是否希望进行 64 位移位?)
f:\github\qpanda-2.0.core\quantummachine\originqvm.cpp(132): warning C4267: “=”: 从“size_t”转换到“int”，可能丢失数据
  QuantumMachineInterface.cpp
c1xx : warning C4199: C++/CLI、C++/CX 或 OpenMP 不支持两阶段名称查找；请使用 /Zc:twoPhase-
  正在生成代码...
OriginQuantumMachine.obj : warning LNK4221: 此对象文件未定义任何之前未定义的公共符号，因此任何耗用此库的链接操作都不会使用此文件
  QPanda-2.0.Core.vcxproj -> F:\github\x64\Debug\QPanda-2.0.Core.lib
